Mplus VERSION 8.6 DEMO (Mac)
MUTHEN & MUTHEN
03/25/2021   2:24 PM

INPUT INSTRUCTIONS

  TITLE:
  Baseline invariance model estimated with bayes;
  DATA:
  FILE = "prog_c_bayes_model.dat";

  VARIABLE:
  NAMES = Country Q182 Q184 Q185 Q186 Q188;
   MISSING=.;
   USEVARIABLES = Country Q182
  Q184 Q185 Q186 Q188 ;
  CLUSTER = Country;
  ANALYSIS:
   TYPE = TWOLEVEL;
                 ESTIMATOR = BAYES;
                 PROCESSORS = 2;  ! nuber of phisical processor in your machine
  MODEL:

    %WITHIN%
    prog_w BY Q182;
    prog_w BY Q184;
    prog_w BY Q185;
    prog_w BY Q186;
    prog_w BY Q188;

    %BETWEEN%
    prog_b BY Q182;
    prog_b BY Q184;
    prog_b BY Q185;
    prog_b BY Q186;
    prog_b BY Q188;




*** WARNING
  One or more individual-level variables have no variation within a
  cluster for the following clusters.

     Variable   Cluster IDs with no within-cluster variation

      Q182        12 42
      Q186        12 20

*** WARNING
  Data set contains cases with missing on all variables.
  These cases were not included in the analysis.
  Number of cases with missing on all variables:  501
   2 WARNING(S) FOUND IN THE INPUT INSTRUCTIONS




Baseline invariance model estimated with bayes;

SUMMARY OF ANALYSIS

Number of groups                                                 1
Number of observations                                       70366

Number of dependent variables                                    5
Number of independent variables                                  0
Number of continuous latent variables                            2

Observed dependent variables

  Continuous
   Q182        Q184        Q185        Q186        Q188

Continuous latent variables
   PROG_W      PROG_B

Variables with special functions

  Cluster variable      COUNTRY

Estimator                                                    BAYES
Specifications for Bayesian Estimation
  Point estimate                                            MEDIAN
  Number of Markov chain Monte Carlo (MCMC) chains               2
  Random seed for the first chain                                0
  Starting value information                           UNPERTURBED
  Algorithm used for Markov chain Monte Carlo           GIBBS(PX1)
  Convergence criterion                                  0.500D-01
  Maximum number of iterations                               50000
  K-th iteration used for thinning                               1

Input data file(s)
  prog_c_bayes_model.dat
Input data format  FREE


SUMMARY OF DATA

     Number of clusters                         49

       Size (s)    Cluster ID with Size s

        987        7
        992        2
        993        10
        998        39
       1003        1
       1022        26
       1036        30
       1119        36
       1167        24
       1188        16
       1193        12
       1194        11
       1196        15
       1200        31 20 35 25 4 42 48 22 29 23
       1206        44
       1215        49
       1223        41
       1227        37
       1229        13
       1237        32
       1245        40
       1258        46
       1313        27
       1316        21
       1395        34
       1490        43
       1499        19
       1520        9
       1526        14
       1734        28
       1735        6
       1791        38
       1793        3
       1992        33
       2059        5
       2073        17
       2395        45
       2578        47
       3031        8
       3198        18



COVARIANCE COVERAGE OF DATA

Minimum covariance coverage value   0.100

     Number of missing data patterns            31


     PROPORTION OF DATA PRESENT


           Covariance Coverage
              Q182          Q184          Q185          Q186          Q188
              ________      ________      ________      ________      ________
 Q182           0.932
 Q184           0.924         0.985
 Q185           0.924         0.979         0.988
 Q186           0.909         0.938         0.942         0.948
 Q188           0.907         0.955         0.957         0.923         0.965



UNIVARIATE SAMPLE STATISTICS


     UNIVARIATE HIGHER-ORDER MOMENT DESCRIPTIVE STATISTICS

         Variable/         Mean/     Skewness/   Minimum/ % with                Percentiles
        Sample Size      Variance    Kurtosis    Maximum  Min/Max      20%/60%    40%/80%    Median

     Q182                  3.655       0.857       1.000   47.40%       1.000      1.000      2.000
           65604.000      10.331      -0.703      10.000   11.21%       4.000      7.000
     Q184                  3.143       1.106       1.000   49.39%       1.000      1.000      2.000
           69300.000       7.603       0.069      10.000    5.10%       3.000      5.000
     Q185                  4.712       0.288       1.000   27.95%       1.000      4.000      5.000
           69519.000       9.897      -1.193      10.000   12.44%       5.000      8.000
     Q186                  4.355       0.477       1.000   36.34%       1.000      2.000      4.000
           66705.000      11.029      -1.215      10.000   13.76%       5.000      8.000
     Q188                  3.617       0.835       1.000   45.55%       1.000      1.000      2.000
           67886.000       9.619      -0.704      10.000    8.31%       4.000      7.000


THE MODEL ESTIMATION TERMINATED NORMALLY

     USE THE FBITERATIONS OPTION TO INCREASE THE NUMBER OF ITERATIONS BY A FACTOR
     OF AT LEAST TWO TO CHECK CONVERGENCE AND THAT THE PSR VALUE DOES NOT INCREASE.



MODEL FIT INFORMATION

Number of Free Parameters                              25

Bayesian Posterior Predictive Checking using Chi-Square

          95% Confidence Interval for the Difference Between
          the Observed and the Replicated Chi-Square Values

                               1478.281          1540.238

          Posterior Predictive P-Value              0.000

Information Criteria

          Deviance (DIC)                      1529247.596
          Estimated Number of Parameters (pD)     240.593



MODEL RESULTS

                                Posterior  One-Tailed         95% C.I.
                    Estimate       S.D.      P-Value   Lower 2.5%  Upper 2.5%  Significance

Within Level

 PROG_W   BY
    Q182               1.000       0.000      0.000       1.000       1.000
    Q184               1.021       0.007      0.000       1.009       1.038      *
    Q185               1.186       0.008      0.000       1.171       1.201      *
    Q186               1.143       0.008      0.000       1.128       1.159      *
    Q188               0.923       0.008      0.000       0.906       0.937      *

 Variances
    PROG_W             2.647       0.029      0.000       2.578       2.696      *

 Residual Variances
    Q182               4.037       0.025      0.000       3.983       4.083      *
    Q184               3.153       0.022      0.000       3.110       3.196      *
    Q185               3.798       0.027      0.000       3.744       3.856      *
    Q186               3.502       0.025      0.000       3.452       3.550      *
    Q188               5.006       0.031      0.000       4.944       5.074      *

Between Level

 PROG_B   BY
    Q182               1.000       0.000      0.000       1.000       1.000
    Q184               0.666       0.064      0.000       0.549       0.814      *
    Q185               0.807       0.076      0.000       0.681       0.986      *
    Q186               1.092       0.092      0.000       0.924       1.281      *
    Q188               0.762       0.080      0.000       0.603       0.912      *

 Intercepts
    Q182               3.408       0.258      0.000       2.984       3.929      *
    Q184               3.080       0.172      0.000       2.744       3.408      *
    Q185               4.616       0.206      0.000       4.227       5.070      *
    Q186               4.134       0.272      0.000       3.699       4.712      *
    Q188               3.454       0.220      0.000       3.038       3.923      *

 Variances
    PROG_B             3.537       0.887      0.000       2.403       5.795      *

 Residual Variances
    Q182               0.600       0.179      0.000       0.324       1.028      *
    Q184               0.280       0.087      0.000       0.181       0.514      *
    Q185               0.319       0.101      0.000       0.189       0.590      *
    Q186               0.421       0.167      0.000       0.160       0.799      *
    Q188               0.570       0.158      0.000       0.352       0.970      *


     Beginning Time:  14:24:52
        Ending Time:  14:25:04
       Elapsed Time:  00:00:12


Mplus VERSION 8.6 DEMO (Mac) has the following limitations:
  Maximum number of dependent variables: 6
  Maximum number of independent variables: 2
  Maximum number of between variables: 2
  Maximum number of continuous latent variables in time series analysis: 2


MUTHEN & MUTHEN
3463 Stoner Ave.
Los Angeles, CA  90066

Tel: (310) 391-9971
Fax: (310) 391-8971
Web: www.StatModel.com
Support: Support@StatModel.com

Copyright (c) 1998-2021 Muthen & Muthen
