Mplus VERSION 8.4 (Mac)
MUTHEN & MUTHEN
03/18/2021  12:07 PM

INPUT INSTRUCTIONS

  TITLE:
  Partially saturated model within level ;
  DATA:
  FILE = "prog_sat_w_model.dat";

  VARIABLE:
  NAMES = Country Q182 Q184 Q185 Q186 Q188;
   MISSING=.;
   USEVARIABLES = Country Q182
  Q184 Q185 Q186 Q188 ;
  CLUSTER = Country;
  ANALYSIS:
   TYPE = TWOLEVEL; ! multi-level
                 PROCESSORS = 2;  ! nuber of phisical processor in your machine
  MODEL:

    %WITHIN%
    Q182 Q184 Q185 Q186 Q188 WITH
    Q182 Q184 Q185 Q186 Q188;

    %BETWEEN%
    prog_b BY Q182 (lb1);
    prog_b BY Q184 (lb2);
    prog_b BY Q185 (lb3);
    prog_b BY Q186 (lb4);
    prog_b BY Q188 (lb5);




*** WARNING
  One or more individual-level variables have no variation within a
  cluster for the following clusters.

     Variable   Cluster IDs with no within-cluster variation

      Q182        12 42
      Q186        12 20

*** WARNING
  Data set contains cases with missing on all variables.
  These cases were not included in the analysis.
  Number of cases with missing on all variables:  501
   2 WARNING(S) FOUND IN THE INPUT INSTRUCTIONS




Partially saturated model within level ;

SUMMARY OF ANALYSIS

Number of groups                                                 1
Number of observations                                       70366

Number of dependent variables                                    5
Number of independent variables                                  0
Number of continuous latent variables                            1

Observed dependent variables

  Continuous
   Q182        Q184        Q185        Q186        Q188

Continuous latent variables
   PROG_B

Variables with special functions

  Cluster variable      COUNTRY

Estimator                                                      MLR
Information matrix                                        OBSERVED
Maximum number of iterations                                   100
Convergence criterion                                    0.100D-05
Maximum number of EM iterations                                500
Convergence criteria for the EM algorithm
  Loglikelihood change                                   0.100D-02
  Relative loglikelihood change                          0.100D-05
  Derivative                                             0.100D-03
Minimum variance                                         0.100D-03
Maximum number of steepest descent iterations                   20
Maximum number of iterations for H1                           2000
Convergence criterion for H1                             0.100D-03
Optimization algorithm                                         EMA

Input data file(s)
  prog_sat_w_model.dat
Input data format  FREE


SUMMARY OF DATA

     Number of missing data patterns            31
     Number of clusters                         49

     Average cluster size     1436.041

     Estimated Intraclass Correlations for the Y Variables

                Intraclass              Intraclass              Intraclass
     Variable  Correlation   Variable  Correlation   Variable  Correlation

     Q182         0.350      Q184         0.221      Q185         0.242
     Q186         0.359      Q188         0.245



COVARIANCE COVERAGE OF DATA

Minimum covariance coverage value   0.100


     PROPORTION OF DATA PRESENT


           Covariance Coverage
              Q182          Q184          Q185          Q186          Q188
              ________      ________      ________      ________      ________
 Q182           0.932
 Q184           0.924         0.985
 Q185           0.924         0.979         0.988
 Q186           0.909         0.938         0.942         0.948
 Q188           0.907         0.955         0.957         0.923         0.965



UNIVARIATE SAMPLE STATISTICS


     UNIVARIATE HIGHER-ORDER MOMENT DESCRIPTIVE STATISTICS

         Variable/         Mean/     Skewness/   Minimum/ % with                Percentiles
        Sample Size      Variance    Kurtosis    Maximum  Min/Max      20%/60%    40%/80%    Median

     Q182                  3.655       0.857       1.000   47.40%       1.000      1.000      2.000
           65604.000      10.331      -0.703      10.000   11.21%       4.000      7.000
     Q184                  3.143       1.106       1.000   49.39%       1.000      1.000      2.000
           69300.000       7.603       0.069      10.000    5.10%       3.000      5.000
     Q185                  4.712       0.288       1.000   27.95%       1.000      4.000      5.000
           69519.000       9.897      -1.193      10.000   12.44%       5.000      8.000
     Q186                  4.355       0.477       1.000   36.34%       1.000      2.000      4.000
           66705.000      11.029      -1.215      10.000   13.76%       5.000      8.000
     Q188                  3.617       0.835       1.000   45.55%       1.000      1.000      2.000
           67886.000       9.619      -0.704      10.000    8.31%       4.000      7.000


THE MODEL ESTIMATION TERMINATED NORMALLY



MODEL FIT INFORMATION

Number of Free Parameters                       30

Loglikelihood

          H0 Value                     -764323.267
          H0 Scaling Correction Factor     31.8519
            for MLR
          H1 Value                     -764310.684
          H1 Scaling Correction Factor     27.4118
            for MLR

Information Criteria

          Akaike (AIC)                 1528706.535
          Bayesian (BIC)               1528981.379
          Sample-Size Adjusted BIC     1528886.038
            (n* = (n + 2) / 24)

Chi-Square Test of Model Fit

          Value                             32.650*
          Degrees of Freedom                     5
          P-Value                           0.0000
          Scaling Correction Factor         0.7708
            for MLR

*   The chi-square value for MLM, MLMV, MLR, ULSMV, WLSM and WLSMV cannot be used
    for chi-square difference testing in the regular way.  MLM, MLR and WLSM
    chi-square difference testing is described on the Mplus website.  MLMV, WLSMV,
    and ULSMV difference testing is done using the DIFFTEST option.

RMSEA (Root Mean Square Error Of Approximation)

          Estimate                           0.009

CFI/TLI

          CFI                                0.995
          TLI                                0.979

Chi-Square Test of Model Fit for the Baseline Model

          Value                           5263.749
          Degrees of Freedom                    20
          P-Value                           0.0000

SRMR (Standardized Root Mean Square Residual)

          Value for Within                   0.000
          Value for Between                  0.025



MODEL RESULTS

                                                    Two-Tailed
                    Estimate       S.E.  Est./S.E.    P-Value

Within Level

 Q182     WITH
    Q184               2.813      0.207     13.575      0.000
    Q185               2.940      0.215     13.666      0.000
    Q186               3.089      0.244     12.672      0.000
    Q188               2.436      0.183     13.282      0.000

 Q184     WITH
    Q185               3.242      0.187     17.299      0.000
    Q186               2.803      0.195     14.400      0.000
    Q188               2.758      0.198     13.933      0.000

 Q185     WITH
    Q186               3.835      0.264     14.500      0.000
    Q188               2.641      0.174     15.165      0.000

 Q186     WITH
    Q188               2.771      0.207     13.394      0.000

 Variances
    Q182               6.677      0.496     13.451      0.000
    Q184               5.911      0.342     17.270      0.000
    Q185               7.513      0.327     22.986      0.000
    Q186               6.957      0.465     14.972      0.000
    Q188               7.261      0.397     18.298      0.000

Between Level

 PROG_B   BY
    Q182               1.000      0.000    999.000    999.000
    Q184               0.675      0.057     11.932      0.000
    Q185               0.852      0.064     13.342      0.000
    Q186               1.099      0.067     16.318      0.000
    Q188               0.756      0.058     13.060      0.000

 Intercepts
    Q182               3.677      0.271     13.573      0.000
    Q184               3.199      0.185     17.250      0.000
    Q185               4.780      0.222     21.567      0.000
    Q186               4.423      0.287     15.425      0.000
    Q188               3.602      0.220     16.399      0.000

 Variances
    PROG_B             3.049      0.663      4.600      0.000

 Residual Variances
    Q182               0.519      0.176      2.956      0.003
    Q184               0.287      0.074      3.886      0.000
    Q185               0.188      0.064      2.921      0.003
    Q186               0.226      0.069      3.293      0.001
    Q188               0.612      0.171      3.581      0.000


QUALITY OF NUMERICAL RESULTS

     Condition Number for the Information Matrix              0.292E-07
       (ratio of smallest to largest eigenvalue)


     Beginning Time:  12:07:20
        Ending Time:  12:07:22
       Elapsed Time:  00:00:02



MUTHEN & MUTHEN
3463 Stoner Ave.
Los Angeles, CA  90066

Tel: (310) 391-9971
Fax: (310) 391-8971
Web: www.StatModel.com
Support: Support@StatModel.com

Copyright (c) 1998-2019 Muthen & Muthen
