Mplus VERSION 8.4 (Mac)
MUTHEN & MUTHEN
03/18/2021  12:07 PM

INPUT INSTRUCTIONS

  TITLE:
  Configural model alternative specification ;
  DATA:
  FILE = "prog_c_alt_model.dat";

  VARIABLE:
  NAMES = Country Q182 Q184 Q185 Q186 Q188;
   MISSING=.;
   USEVARIABLES = Country Q182
  Q184 Q185 Q186 Q188 ;
  CLUSTER = Country;
  ANALYSIS:
   TYPE = TWOLEVEL; ! multi-level
                 PROCESSORS = 2;  ! nuber of phisical processor in your machine
  MODEL:

    %WITHIN%
    prog_w BY Q182* (lw1); ! free loading
    prog_w BY Q184  (lw2);
    prog_w BY Q185  (lw3);
    prog_w BY Q186  (lw4);
    prog_w BY Q188  (lw5);
    prog_w@1;   ! variance of the factor
    [prog_w@0]; ! mean of the factor

    %BETWEEN%
    prog_b BY Q182* (lb1); ! free loading
    prog_b BY Q184  (lb2);
    prog_b BY Q185  (lb3);
    prog_b BY Q186  (lb4);
    prog_b BY Q188  (lb5);
    prog_b@1;   ! variance of the factor
    [prog_b@0]; ! mean of the factor




*** WARNING
  One or more individual-level variables have no variation within a
  cluster for the following clusters.

     Variable   Cluster IDs with no within-cluster variation

      Q182        12 42
      Q186        12 20

*** WARNING
  Data set contains cases with missing on all variables.
  These cases were not included in the analysis.
  Number of cases with missing on all variables:  501
   2 WARNING(S) FOUND IN THE INPUT INSTRUCTIONS




Configural model alternative specification ;

SUMMARY OF ANALYSIS

Number of groups                                                 1
Number of observations                                       70366

Number of dependent variables                                    5
Number of independent variables                                  0
Number of continuous latent variables                            2

Observed dependent variables

  Continuous
   Q182        Q184        Q185        Q186        Q188

Continuous latent variables
   PROG_W      PROG_B

Variables with special functions

  Cluster variable      COUNTRY

Estimator                                                      MLR
Information matrix                                        OBSERVED
Maximum number of iterations                                   100
Convergence criterion                                    0.100D-05
Maximum number of EM iterations                                500
Convergence criteria for the EM algorithm
  Loglikelihood change                                   0.100D-02
  Relative loglikelihood change                          0.100D-05
  Derivative                                             0.100D-03
Minimum variance                                         0.100D-03
Maximum number of steepest descent iterations                   20
Maximum number of iterations for H1                           2000
Convergence criterion for H1                             0.100D-03
Optimization algorithm                                         EMA

Input data file(s)
  prog_c_alt_model.dat
Input data format  FREE


SUMMARY OF DATA

     Number of missing data patterns            31
     Number of clusters                         49

     Average cluster size     1436.041

     Estimated Intraclass Correlations for the Y Variables

                Intraclass              Intraclass              Intraclass
     Variable  Correlation   Variable  Correlation   Variable  Correlation

     Q182         0.350      Q184         0.221      Q185         0.242
     Q186         0.359      Q188         0.245



COVARIANCE COVERAGE OF DATA

Minimum covariance coverage value   0.100


     PROPORTION OF DATA PRESENT


           Covariance Coverage
              Q182          Q184          Q185          Q186          Q188
              ________      ________      ________      ________      ________
 Q182           0.932
 Q184           0.924         0.985
 Q185           0.924         0.979         0.988
 Q186           0.909         0.938         0.942         0.948
 Q188           0.907         0.955         0.957         0.923         0.965



UNIVARIATE SAMPLE STATISTICS


     UNIVARIATE HIGHER-ORDER MOMENT DESCRIPTIVE STATISTICS

         Variable/         Mean/     Skewness/   Minimum/ % with                Percentiles
        Sample Size      Variance    Kurtosis    Maximum  Min/Max      20%/60%    40%/80%    Median

     Q182                  3.655       0.857       1.000   47.40%       1.000      1.000      2.000
           65604.000      10.331      -0.703      10.000   11.21%       4.000      7.000
     Q184                  3.143       1.106       1.000   49.39%       1.000      1.000      2.000
           69300.000       7.603       0.069      10.000    5.10%       3.000      5.000
     Q185                  4.712       0.288       1.000   27.95%       1.000      4.000      5.000
           69519.000       9.897      -1.193      10.000   12.44%       5.000      8.000
     Q186                  4.355       0.477       1.000   36.34%       1.000      2.000      4.000
           66705.000      11.029      -1.215      10.000   13.76%       5.000      8.000
     Q188                  3.617       0.835       1.000   45.55%       1.000      1.000      2.000
           67886.000       9.619      -0.704      10.000    8.31%       4.000      7.000


THE MODEL ESTIMATION TERMINATED NORMALLY



MODEL FIT INFORMATION

Number of Free Parameters                       25

Loglikelihood

          H0 Value                     -765125.925
          H0 Scaling Correction Factor     35.4103
            for MLR
          H1 Value                     -764310.684
          H1 Scaling Correction Factor     27.4118
            for MLR

Information Criteria

          Akaike (AIC)                 1530301.850
          Bayesian (BIC)               1530530.886
          Sample-Size Adjusted BIC     1530451.436
            (n* = (n + 2) / 24)

Chi-Square Test of Model Fit

          Value                            219.879*
          Degrees of Freedom                    10
          P-Value                           0.0000
          Scaling Correction Factor         7.4154
            for MLR

*   The chi-square value for MLM, MLMV, MLR, ULSMV, WLSM and WLSMV cannot be used
    for chi-square difference testing in the regular way.  MLM, MLR and WLSM
    chi-square difference testing is described on the Mplus website.  MLMV, WLSMV,
    and ULSMV difference testing is done using the DIFFTEST option.

RMSEA (Root Mean Square Error Of Approximation)

          Estimate                           0.017

CFI/TLI

          CFI                                0.960
          TLI                                0.920

Chi-Square Test of Model Fit for the Baseline Model

          Value                           5263.749
          Degrees of Freedom                    20
          P-Value                           0.0000

SRMR (Standardized Root Mean Square Residual)

          Value for Within                   0.022
          Value for Between                  0.025



MODEL RESULTS

                                                    Two-Tailed
                    Estimate       S.E.  Est./S.E.    P-Value

Within Level

 PROG_W   BY
    Q182               1.624      0.080     20.332      0.000
    Q184               1.660      0.072     23.074      0.000
    Q185               1.928      0.068     28.386      0.000
    Q186               1.859      0.075     24.877      0.000
    Q188               1.500      0.063     23.909      0.000

 Means
    PROG_W             0.000      0.000    999.000    999.000

 Variances
    PROG_W             1.000      0.000    999.000    999.000

 Residual Variances
    Q182               4.039      0.323     12.517      0.000
    Q184               3.155      0.236     13.355      0.000
    Q185               3.794      0.209     18.174      0.000
    Q186               3.501      0.268     13.040      0.000
    Q188               5.008      0.315     15.886      0.000

Between Level

 PROG_B   BY
    Q182               1.746      0.190      9.204      0.000
    Q184               1.179      0.154      7.659      0.000
    Q185               1.487      0.142     10.455      0.000
    Q186               1.918      0.152     12.651      0.000
    Q188               1.321      0.172      7.697      0.000

 Means
    PROG_B             0.000      0.000    999.000    999.000

 Intercepts
    Q182               3.678      0.271     13.571      0.000
    Q184               3.199      0.185     17.248      0.000
    Q185               4.780      0.222     21.569      0.000
    Q186               4.422      0.287     15.426      0.000
    Q188               3.602      0.220     16.399      0.000

 Variances
    PROG_B             1.000      0.000    999.000    999.000

 Residual Variances
    Q182               0.519      0.176      2.955      0.003
    Q184               0.287      0.074      3.892      0.000
    Q185               0.188      0.065      2.918      0.004
    Q186               0.226      0.069      3.284      0.001
    Q188               0.612      0.171      3.580      0.000


QUALITY OF NUMERICAL RESULTS

     Condition Number for the Information Matrix              0.212E-06
       (ratio of smallest to largest eigenvalue)


     Beginning Time:  12:07:17
        Ending Time:  12:07:19
       Elapsed Time:  00:00:02



MUTHEN & MUTHEN
3463 Stoner Ave.
Los Angeles, CA  90066

Tel: (310) 391-9971
Fax: (310) 391-8971
Web: www.StatModel.com
Support: Support@StatModel.com

Copyright (c) 1998-2019 Muthen & Muthen
