Mplus VERSION 8.4 (Mac)
MUTHEN & MUTHEN
03/18/2021  12:07 PM

INPUT INSTRUCTIONS

  TITLE:
  Null model Q182 Q184, Q185, Q186, Q188;
  DATA:
  FILE = "prog_null_model.dat";

  VARIABLE:
  NAMES = Country Q182 Q184 Q185 Q186 Q188;
   MISSING=.;
   USEVARIABLES = Country Q182
  Q184 Q185 Q186 Q188 ;
  CLUSTER = Country;
  ANALYSIS:
   TYPE = TWOLEVEL; ! multi-level
                 PROCESSORS = 2;  ! nuber of phisical processor in your machine
  MODEL:

    %WITHIN%
    Q182 Q184 Q185 Q186 Q188;

    %BETWEEN%
    Q182 Q184 Q185 Q186 Q188;





*** WARNING in MODEL command
  Variable is uncorrelated with all other variables: Q182
*** WARNING in MODEL command
  Variable is uncorrelated with all other variables: Q184
*** WARNING in MODEL command
  Variable is uncorrelated with all other variables: Q185
*** WARNING in MODEL command
  Variable is uncorrelated with all other variables: Q186
*** WARNING in MODEL command
  Variable is uncorrelated with all other variables: Q188
*** WARNING in MODEL command
  At least one variable is uncorrelated with all other variables in the model.
  Check that this is what is intended.
*** WARNING
  One or more individual-level variables have no variation within a
  cluster for the following clusters.

     Variable   Cluster IDs with no within-cluster variation

      Q182        12 42
      Q186        12 20

*** WARNING
  Data set contains cases with missing on all variables.
  These cases were not included in the analysis.
  Number of cases with missing on all variables:  501
   8 WARNING(S) FOUND IN THE INPUT INSTRUCTIONS




Null model Q182 Q184, Q185, Q186, Q188;

SUMMARY OF ANALYSIS

Number of groups                                                 1
Number of observations                                       70366

Number of dependent variables                                    5
Number of independent variables                                  0
Number of continuous latent variables                            0

Observed dependent variables

  Continuous
   Q182        Q184        Q185        Q186        Q188

Variables with special functions

  Cluster variable      COUNTRY

Estimator                                                      MLR
Information matrix                                        OBSERVED
Maximum number of iterations                                   100
Convergence criterion                                    0.100D-05
Maximum number of EM iterations                                500
Convergence criteria for the EM algorithm
  Loglikelihood change                                   0.100D-02
  Relative loglikelihood change                          0.100D-05
  Derivative                                             0.100D-03
Minimum variance                                         0.100D-03
Maximum number of steepest descent iterations                   20
Maximum number of iterations for H1                           2000
Convergence criterion for H1                             0.100D-03
Optimization algorithm                                         EMA

Input data file(s)
  prog_null_model.dat
Input data format  FREE


SUMMARY OF DATA

     Number of missing data patterns            31
     Number of clusters                         49

     Average cluster size     1436.041

     Estimated Intraclass Correlations for the Y Variables

                Intraclass              Intraclass              Intraclass
     Variable  Correlation   Variable  Correlation   Variable  Correlation

     Q182         0.350      Q184         0.221      Q185         0.242
     Q186         0.359      Q188         0.245



COVARIANCE COVERAGE OF DATA

Minimum covariance coverage value   0.100


     PROPORTION OF DATA PRESENT


           Covariance Coverage
              Q182          Q184          Q185          Q186          Q188
              ________      ________      ________      ________      ________
 Q182           0.932
 Q184           0.924         0.985
 Q185           0.924         0.979         0.988
 Q186           0.909         0.938         0.942         0.948
 Q188           0.907         0.955         0.957         0.923         0.965



UNIVARIATE SAMPLE STATISTICS


     UNIVARIATE HIGHER-ORDER MOMENT DESCRIPTIVE STATISTICS

         Variable/         Mean/     Skewness/   Minimum/ % with                Percentiles
        Sample Size      Variance    Kurtosis    Maximum  Min/Max      20%/60%    40%/80%    Median

     Q182                  3.655       0.857       1.000   47.40%       1.000      1.000      2.000
           65604.000      10.331      -0.703      10.000   11.21%       4.000      7.000
     Q184                  3.143       1.106       1.000   49.39%       1.000      1.000      2.000
           69300.000       7.603       0.069      10.000    5.10%       3.000      5.000
     Q185                  4.712       0.288       1.000   27.95%       1.000      4.000      5.000
           69519.000       9.897      -1.193      10.000   12.44%       5.000      8.000
     Q186                  4.355       0.477       1.000   36.34%       1.000      2.000      4.000
           66705.000      11.029      -1.215      10.000   13.76%       5.000      8.000
     Q188                  3.617       0.835       1.000   45.55%       1.000      1.000      2.000
           67886.000       9.619      -0.704      10.000    8.31%       4.000      7.000


THE MODEL ESTIMATION TERMINATED NORMALLY



MODEL FIT INFORMATION

Number of Free Parameters                       15

Loglikelihood

          H0 Value                     -807896.408
          H0 Scaling Correction Factor     41.8798
            for MLR
          H1 Value                     -764310.684
          H1 Scaling Correction Factor     27.4118
            for MLR

Information Criteria

          Akaike (AIC)                 1615822.816
          Bayesian (BIC)               1615960.238
          Sample-Size Adjusted BIC     1615912.567
            (n* = (n + 2) / 24)

Chi-Square Test of Model Fit

          Value                           5263.743*
          Degrees of Freedom                    20
          P-Value                           0.0000
          Scaling Correction Factor        16.5607
            for MLR

*   The chi-square value for MLM, MLMV, MLR, ULSMV, WLSM and WLSMV cannot be used
    for chi-square difference testing in the regular way.  MLM, MLR and WLSM
    chi-square difference testing is described on the Mplus website.  MLMV, WLSMV,
    and ULSMV difference testing is done using the DIFFTEST option.

RMSEA (Root Mean Square Error Of Approximation)

          Estimate                           0.061

CFI/TLI

          CFI                                0.000
          TLI                                0.000

Chi-Square Test of Model Fit for the Baseline Model

          Value                           5263.749
          Degrees of Freedom                    20
          P-Value                           0.0000

SRMR (Standardized Root Mean Square Residual)

          Value for Within                   0.353
          Value for Between                  0.609



MODEL RESULTS

                                                    Two-Tailed
                    Estimate       S.E.  Est./S.E.    P-Value

Within Level

 Variances
    Q182               6.707      0.501     13.380      0.000
    Q184               5.908      0.343     17.205      0.000
    Q185               7.508      0.327     22.932      0.000
    Q186               6.978      0.469     14.865      0.000
    Q188               7.254      0.398     18.209      0.000

Between Level

 Means
    Q182               3.732      0.278     13.445      0.000
    Q184               3.194      0.186     17.207      0.000
    Q185               4.785      0.222     21.524      0.000
    Q186               4.470      0.294     15.219      0.000
    Q188               3.596      0.220     16.357      0.000

 Variances
    Q182               3.615      0.619      5.838      0.000
    Q184               1.684      0.375      4.485      0.000
    Q185               2.416      0.416      5.803      0.000
    Q186               4.049      0.614      6.599      0.000
    Q188               2.363      0.427      5.534      0.000


QUALITY OF NUMERICAL RESULTS

     Condition Number for the Information Matrix              0.185E-07
       (ratio of smallest to largest eigenvalue)


     Beginning Time:  12:07:10
        Ending Time:  12:07:14
       Elapsed Time:  00:00:04



MUTHEN & MUTHEN
3463 Stoner Ave.
Los Angeles, CA  90066

Tel: (310) 391-9971
Fax: (310) 391-8971
Web: www.StatModel.com
Support: Support@StatModel.com

Copyright (c) 1998-2019 Muthen & Muthen
