Mplus VERSION 8.4 (Mac)
MUTHEN & MUTHEN
03/17/2021  11:35 AM

INPUT INSTRUCTIONS

  TITLE:
  2:1:1 Mediation model with Gender Job Equality (Q31P) as mediator and gender (female) as L
  DATA:
  FILE = "equality_m_model_g.dat";

  VARIABLE:
  NAMES = Country v2x_gender female Q33P Q31P;
   MISSING=.;
   USEVARIABLES = Country
  v2x_gender female Q33P Q31P ;
  BETWEEN = v2x_gender;
  WITHIN = female;
  CLUSTER = Country;
  ANALYSIS:
  TYPE = TWOLEVEL;
               !INTEGRATION=2
               !ESTIMATOR IS MLR;
               !ESTIMATOR = BAYES;
               PROCESSORS = 2;
               !BITERATIONS = 300000;
               !ALGORITHM=MH;
               !FBITERATIONS = 300000;
               !THIN = 2;
               !ITERATIONS = (100000)
  MODEL:

    %WITHIN%
    Q33P ON Q31P (b);
    Q31P ON female;
    Q33P ON female;
    Q31P;
    Q33P;

    %BETWEEN%
    Q33P ON v2x_gender (c);
    Q31P ON v2x_gender (a);


  MODEL CONSTRAINT:

    NEW (ind total);
    ind = a * b;
    total = c + (a * b);




*** WARNING
  Input line exceeded 90 characters. Some input may be truncated.
  2:1:1 Mediation model with Gender Job Equality (Q31P) as mediator and gender (female) as LV
*** WARNING in VARIABLE command
  Note that only the first 8 characters of variable names are used in the output.
  Shorten variable names to avoid any confusion.
*** WARNING
  Data set contains cases with missing on x-variables.
  These cases were not included in the analysis.
  Number of cases with missing on x-variables:  48
*** WARNING
  Data set contains cases with missing on all variables except
  x-variables.  These cases were not included in the analysis.
  Number of cases with missing on all variables except x-variables:  191
   4 WARNING(S) FOUND IN THE INPUT INSTRUCTIONS




2:1:1 Mediation model with Gender Job Equality (Q31P) as mediator and gender (female) as L

SUMMARY OF ANALYSIS

Number of groups                                                 1
Number of observations                                       67474

Number of dependent variables                                    2
Number of independent variables                                  2
Number of continuous latent variables                            0

Observed dependent variables

  Continuous
   Q33P        Q31P

Observed independent variables
   V2X_GEND    FEMALE

Variables with special functions

  Cluster variable      COUNTRY

  Within variables
   FEMALE

  Between variables
   V2X_GEND


Estimator                                                      MLR
Information matrix                                        OBSERVED
Maximum number of iterations                                   100
Convergence criterion                                    0.100D-05
Maximum number of EM iterations                                500
Convergence criteria for the EM algorithm
  Loglikelihood change                                   0.100D-02
  Relative loglikelihood change                          0.100D-05
  Derivative                                             0.100D-03
Minimum variance                                         0.100D-03
Maximum number of steepest descent iterations                   20
Maximum number of iterations for H1                           2000
Convergence criterion for H1                             0.100D-03
Optimization algorithm                                         EMA

Input data file(s)
  equality_m_model_g.dat
Input data format  FREE


SUMMARY OF DATA

     Number of missing data patterns             3
     Number of clusters                         46

     Average cluster size     1466.826

     Estimated Intraclass Correlations for the Y Variables

                Intraclass              Intraclass
     Variable  Correlation   Variable  Correlation

     Q33P         0.269      Q31P         0.192



COVARIANCE COVERAGE OF DATA

Minimum covariance coverage value   0.100


     PROPORTION OF DATA PRESENT


           Covariance Coverage
              Q33P          Q31P          FEMALE        V2X_GEND
              ________      ________      ________      ________
 Q33P           0.995
 Q31P           0.976         0.981
 FEMALE         0.995         0.981         1.000
 V2X_GEND       0.995         0.981         1.000         1.000



UNIVARIATE SAMPLE STATISTICS


     UNIVARIATE HIGHER-ORDER MOMENT DESCRIPTIVE STATISTICS

         Variable/         Mean/     Skewness/   Minimum/ % with                Percentiles
        Sample Size      Variance    Kurtosis    Maximum  Min/Max      20%/60%    40%/80%    Median

     Q33P                  3.113       0.026       1.000   10.17%       2.000      2.000      3.000
           67148.000       1.709      -1.270       5.000   18.93%       4.000      4.000
     Q31P                  2.316       0.317       1.000   19.10%       2.000      2.000      2.000
           66212.000       0.858      -0.723       4.000   13.01%       2.000      3.000
     FEMALE                1.525      -0.099       1.000   47.54%       1.000      1.000      2.000
           67474.000       0.249      -1.990       2.000   52.46%       2.000      2.000
     V2X_GENDER            0.758      -0.898       0.425    4.35%       0.655      0.737      0.792
              46.000       0.020       0.021       0.953    2.17%       0.834      0.865


THE MODEL ESTIMATION TERMINATED NORMALLY



MODEL FIT INFORMATION

Number of Free Parameters                       12

Loglikelihood

          H0 Value                     -178900.819
          H0 Scaling Correction Factor     15.8348
            for MLR
          H1 Value                     -178900.818
          H1 Scaling Correction Factor     15.8348
            for MLR

Information Criteria

          Akaike (AIC)                  357825.638
          Bayesian (BIC)                357935.072
          Sample-Size Adjusted BIC      357896.935
            (n* = (n + 2) / 24)

Chi-Square Test of Model Fit

          Value                              0.002*
          Degrees of Freedom                     0
          P-Value                           0.0000
          Scaling Correction Factor         1.0000
            for MLR

*   The chi-square value for MLM, MLMV, MLR, ULSMV, WLSM and WLSMV cannot be used
    for chi-square difference testing in the regular way.  MLM, MLR and WLSM
    chi-square difference testing is described on the Mplus website.  MLMV, WLSMV,
    and ULSMV difference testing is done using the DIFFTEST option.

RMSEA (Root Mean Square Error Of Approximation)

          Estimate                           0.000

CFI/TLI

          CFI                                1.000
          TLI                                1.000

Chi-Square Test of Model Fit for the Baseline Model

          Value                           1795.989
          Degrees of Freedom                     6
          P-Value                           0.0000

SRMR (Standardized Root Mean Square Residual)

          Value for Within                   0.000
          Value for Between                  0.000



MODEL RESULTS

                                                    Two-Tailed
                    Estimate       S.E.  Est./S.E.    P-Value

Within Level

 Q33P       ON
    Q31P               0.490      0.023     21.304      0.000
    FEMALE            -0.130      0.016     -8.337      0.000

 Q31P       ON
    FEMALE            -0.251      0.017    -14.493      0.000

 Residual Variances
    Q33P               1.074      0.052     20.532      0.000
    Q31P               0.675      0.031     21.787      0.000

Between Level

 Q33P       ON
    V2X_GENDER        -3.037      0.566     -5.367      0.000

 Q31P       ON
    V2X_GENDER        -1.858      0.337     -5.512      0.000

 Q31P     WITH
    Q33P               0.140      0.023      6.091      0.000

 Intercepts
    Q33P               5.809      0.427     13.594      0.000
    Q31P               4.102      0.268     15.303      0.000

 Residual Variances
    Q33P               0.275      0.045      6.094      0.000
    Q31P               0.094      0.014      6.554      0.000

New/Additional Parameters
    IND               -0.910      0.156     -5.847      0.000
    TOTAL             -3.946      0.699     -5.649      0.000


QUALITY OF NUMERICAL RESULTS

     Condition Number for the Information Matrix              0.171E-06
       (ratio of smallest to largest eigenvalue)


     Beginning Time:  11:35:57
        Ending Time:  11:36:00
       Elapsed Time:  00:00:03



MUTHEN & MUTHEN
3463 Stoner Ave.
Los Angeles, CA  90066

Tel: (310) 391-9971
Fax: (310) 391-8971
Web: www.StatModel.com
Support: Support@StatModel.com

Copyright (c) 1998-2019 Muthen & Muthen
